Copyright 1986-2017 Xilinx, Inc. All Rights Reserved.
--------------------------------------------------------------------------------------------
| Tool Version : Vivado v.2017.4 (win64) Build 2086221 Fri Dec 15 20:55:39 MST 2017
| Date         : Tue May 22 17:42:59 2018
| Host         : MACCHI running 64-bit major release  (build 9200)
| Command      : report_clock_utilization -file mse_mandelbrot_clock_utilization_routed.rpt
| Design       : mse_mandelbrot
| Device       : 7a200t-sbg484
| Speed File   : -1  PRODUCTION 1.20 2017-11-01
--------------------------------------------------------------------------------------------

Clock Utilization Report

Table of Contents
-----------------
1. Clock Primitive Utilization
2. Global Clock Resources
3. Global Clock Source Details
4. Clock Regions: Key Resource Utilization
5. Clock Regions : Global Clock Summary
6. Device Cell Placement Summary for Global Clock g0
7. Device Cell Placement Summary for Global Clock g1
8. Device Cell Placement Summary for Global Clock g2
9. Device Cell Placement Summary for Global Clock g3
10. Device Cell Placement Summary for Global Clock g4
11. Device Cell Placement Summary for Global Clock g5
12. Clock Region Cell Placement per Global Clock: Region X1Y0
13. Clock Region Cell Placement per Global Clock: Region X0Y1
14. Clock Region Cell Placement per Global Clock: Region X1Y1
15. Clock Region Cell Placement per Global Clock: Region X0Y2
16. Clock Region Cell Placement per Global Clock: Region X1Y2
17. Clock Region Cell Placement per Global Clock: Region X0Y3
18. Clock Region Cell Placement per Global Clock: Region X1Y3

1. Clock Primitive Utilization
------------------------------

+----------+------+-----------+-----+--------------+--------+
| Type     | Used | Available | LOC | Clock Region | Pblock |
+----------+------+-----------+-----+--------------+--------+
| BUFGCTRL |    6 |        32 |   0 |            0 |      0 |
| BUFH     |    0 |       120 |   0 |            0 |      0 |
| BUFIO    |    0 |        40 |   0 |            0 |      0 |
| BUFMR    |    0 |        20 |   0 |            0 |      0 |
| BUFR     |    0 |        40 |   0 |            0 |      0 |
| MMCM     |    2 |        10 |   0 |            0 |      0 |
| PLL      |    0 |        10 |   0 |            0 |      0 |
+----------+------+-----------+-----+--------------+--------+


2. Global Clock Resources
-------------------------

+-----------+-----------+-----------------+------------+---------------+--------------+-------------------+-------------+-----------------+--------------+---------------------------------+---------------------------------------------------------------------+------------------------------------------------------------------------------------------+
| Global Id | Source Id | Driver Type/Pin | Constraint | Site          | Clock Region | Load Clock Region | Clock Loads | Non-Clock Loads | Clock Period | Clock                           | Driver Pin                                                          | Net                                                                                      |
+-----------+-----------+-----------------+------------+---------------+--------------+-------------------+-------------+-----------------+--------------+---------------------------------+---------------------------------------------------------------------+------------------------------------------------------------------------------------------+
| g0        | src0      | BUFG/O          | None       | BUFGCTRL_X0Y2 | n/a          |                 6 |         557 |               0 |       10.000 | ClkMandelxC_clk_mandelbrot      | clk_mandelbrotxB.clk_mandelbrotxI/inst/clkout1_buf/O                | clk_mandelbrotxB.clk_mandelbrotxI/inst/ClkMandelxC                                       |
| g1        | src1      | BUFG/O          | None       | BUFGCTRL_X0Y0 | n/a          |                 6 |         234 |               0 |       19.512 | ClkVgaxC_clk_vga_hdmi_1024x600  | HdmixI/ClkVgaHdmi1024x600xG.ClkVgaHdmi1024x600xI/inst/clkout1_buf/O | HdmixI/ClkVgaHdmi1024x600xG.ClkVgaHdmi1024x600xI/inst/ClkVgaxC                           |
| g2        | src1      | BUFG/O          | None       | BUFGCTRL_X0Y1 | n/a          |                 1 |           8 |               0 |        3.902 | ClkHdmixC_clk_vga_hdmi_1024x600 | HdmixI/ClkVgaHdmi1024x600xG.ClkVgaHdmi1024x600xI/inst/clkout2_buf/O | HdmixI/ClkVgaHdmi1024x600xG.ClkVgaHdmi1024x600xI/inst/ClkHdmixC                          |
| g3        | src2      | BUFG/O          | None       | BUFGCTRL_X0Y3 | n/a          |                 1 |           1 |               0 |       10.000 | sys_clk_pin                     | HdmixI/ClkVgaHdmi1024x600xG.BUFGClkSysToClkVgaHdmixI/O              | HdmixI/ClkSys100MhzBufgxC                                                                |
| g4        | src1      | BUFG/O          | None       | BUFGCTRL_X0Y4 | n/a          |                 1 |           1 |               0 |       10.000 | clkfbout_clk_vga_hdmi_1024x600  | HdmixI/ClkVgaHdmi1024x600xG.ClkVgaHdmi1024x600xI/inst/clkf_buf/O    | HdmixI/ClkVgaHdmi1024x600xG.ClkVgaHdmi1024x600xI/inst/clkfbout_buf_clk_vga_hdmi_1024x600 |
| g5        | src0      | BUFG/O          | None       | BUFGCTRL_X0Y5 | n/a          |                 1 |           1 |               0 |       10.000 | clkfbout_clk_mandelbrot         | clk_mandelbrotxB.clk_mandelbrotxI/inst/clkf_buf/O                   | clk_mandelbrotxB.clk_mandelbrotxI/inst/clkfbout_buf_clk_mandelbrot                       |
+-----------+-----------+-----------------+------------+---------------+--------------+-------------------+-------------+-----------------+--------------+---------------------------------+---------------------------------------------------------------------+------------------------------------------------------------------------------------------+
* Clock Loads column represents the clock pin loads (pin count)
** Non-Clock Loads column represents the non-clock pin loads (pin count)


3. Global Clock Source Details
------------------------------

+-----------+-----------+---------------------+------------+-----------------+--------------+-------------+-----------------+---------------------+---------------------------------+------------------------------------------------------------------------------+---------------------------------------------------------------------------------------+
| Source Id | Global Id | Driver Type/Pin     | Constraint | Site            | Clock Region | Clock Loads | Non-Clock Loads | Source Clock Period | Source Clock                    | Driver Pin                                                                   | Net                                                                                   |
+-----------+-----------+---------------------+------------+-----------------+--------------+-------------+-----------------+---------------------+---------------------------------+------------------------------------------------------------------------------+---------------------------------------------------------------------------------------+
| src0      | g0        | MMCME2_ADV/CLKOUT0  | None       | MMCME2_ADV_X1Y2 | X1Y2         |           1 |               0 |              10.000 | ClkMandelxC_clk_mandelbrot      | clk_mandelbrotxB.clk_mandelbrotxI/inst/mmcm_adv_inst/CLKOUT0                 | clk_mandelbrotxB.clk_mandelbrotxI/inst/ClkMandelxC_clk_mandelbrot                     |
| src0      | g5        | MMCME2_ADV/CLKFBOUT | None       | MMCME2_ADV_X1Y2 | X1Y2         |           1 |               0 |              10.000 | clkfbout_clk_mandelbrot         | clk_mandelbrotxB.clk_mandelbrotxI/inst/mmcm_adv_inst/CLKFBOUT                | clk_mandelbrotxB.clk_mandelbrotxI/inst/clkfbout_clk_mandelbrot                        |
| src1      | g2        | MMCME2_ADV/CLKOUT1  | None       | MMCME2_ADV_X1Y0 | X1Y0         |           1 |               0 |               3.902 | ClkHdmixC_clk_vga_hdmi_1024x600 | HdmixI/ClkVgaHdmi1024x600xG.ClkVgaHdmi1024x600xI/inst/mmcm_adv_inst/CLKOUT1  | HdmixI/ClkVgaHdmi1024x600xG.ClkVgaHdmi1024x600xI/inst/ClkHdmixC_clk_vga_hdmi_1024x600 |
| src1      | g1        | MMCME2_ADV/CLKOUT0  | None       | MMCME2_ADV_X1Y0 | X1Y0         |           1 |               0 |              19.512 | ClkVgaxC_clk_vga_hdmi_1024x600  | HdmixI/ClkVgaHdmi1024x600xG.ClkVgaHdmi1024x600xI/inst/mmcm_adv_inst/CLKOUT0  | HdmixI/ClkVgaHdmi1024x600xG.ClkVgaHdmi1024x600xI/inst/ClkVgaxC_clk_vga_hdmi_1024x600  |
| src1      | g4        | MMCME2_ADV/CLKFBOUT | None       | MMCME2_ADV_X1Y0 | X1Y0         |           1 |               0 |              10.000 | clkfbout_clk_vga_hdmi_1024x600  | HdmixI/ClkVgaHdmi1024x600xG.ClkVgaHdmi1024x600xI/inst/mmcm_adv_inst/CLKFBOUT | HdmixI/ClkVgaHdmi1024x600xG.ClkVgaHdmi1024x600xI/inst/clkfbout_clk_vga_hdmi_1024x600  |
| src2      | g3        | IBUF/O              | IOB_X1Y124 | IOB_X1Y124      | X1Y2         |           2 |               0 |              10.000 | sys_clk_pin                     | ClkSys100MhzxC_IBUF_inst/O                                                   | ClkSys100MhzxC_IBUF                                                                   |
+-----------+-----------+---------------------+------------+-----------------+--------------+-------------+-----------------+---------------------+---------------------------------+------------------------------------------------------------------------------+---------------------------------------------------------------------------------------+
* Clock Loads column represents the clock pin loads (pin count)
** Non-Clock Loads column represents the non-clock pin loads (pin count)


4. Clock Regions: Key Resource Utilization
------------------------------------------

+-------------------+--------------+--------------+--------------+--------------+--------------+--------------+--------------+--------------+--------------+--------------+--------------+--------------+--------------+--------------+--------------+
|                   | Global Clock |     BUFRs    |    BUFMRs    |    BUFIOs    |     MMCM     |      PLL     |      GT      |      PCI     |    ILOGIC    |    OLOGIC    |      FF      |     LUTM     |    RAMB18    |    RAMB36    |    DSP48E2   |
+-------------------+------+-------+------+-------+------+-------+------+-------+------+-------+------+-------+------+-------+------+-------+------+-------+------+-------+------+-------+------+-------+------+-------+------+-------+------+-------+
| Clock Region Name | Used | Avail | Used | Avail | Used | Avail | Used | Avail | Used | Avail | Used | Avail | Used | Avail | Used | Avail | Used | Avail | Used | Avail | Used | Avail | Used | Avail | Used | Avail | Used | Avail | Used | Avail |
+-------------------+------+-------+------+-------+------+-------+------+-------+------+-------+------+-------+------+-------+------+-------+------+-------+------+-------+------+-------+------+-------+------+-------+------+-------+------+-------+
| X0Y0              |    0 |    12 |    0 |     4 |    0 |     2 |    0 |     4 |    0 |     1 |    0 |     1 |    0 |     4 |    0 |     0 |    0 |    50 |    0 |    50 |    0 |  2700 |    0 |   800 |    0 |    60 |    0 |    30 |    0 |    60 |
| X1Y0              |    2 |    12 |    0 |     4 |    0 |     2 |    0 |     4 |    1 |     1 |    0 |     1 |    0 |     4 |    0 |     0 |    0 |    50 |    0 |    50 |    0 |  2500 |    0 |   800 |    0 |    40 |    0 |    20 |    0 |    40 |
| X0Y1              |    2 |    12 |    0 |     4 |    0 |     2 |    0 |     4 |    0 |     1 |    0 |     1 |    0 |     0 |    0 |     0 |    0 |    50 |    0 |    50 |    0 |  4200 |    0 |  1400 |    0 |   100 |   22 |    50 |    0 |   100 |
| X1Y1              |    2 |    12 |    0 |     4 |    0 |     2 |    0 |     4 |    0 |     1 |    0 |     1 |    0 |     0 |    0 |     0 |    0 |    50 |    0 |    50 |    0 |  4000 |    0 |  1400 |    0 |    80 |   10 |    40 |    0 |    80 |
| X0Y2              |    2 |    12 |    0 |     4 |    0 |     2 |    0 |     4 |    0 |     1 |    0 |     1 |    0 |     0 |    0 |     0 |    0 |    50 |    0 |    50 |    4 |  3600 |    2 |  1400 |    0 |   100 |   45 |    50 |    0 |   100 |
| X1Y2              |    4 |    12 |    0 |     4 |    0 |     2 |    0 |     4 |    1 |     1 |    0 |     1 |    0 |     0 |    0 |     0 |    0 |    50 |    8 |    50 |  510 |  4000 |  202 |  1400 |    0 |    80 |   28 |    40 |    3 |    80 |
| X0Y3              |    2 |    12 |    0 |     4 |    0 |     2 |    0 |     4 |    0 |     1 |    0 |     1 |    0 |     0 |    0 |     0 |    0 |    50 |    0 |    50 |    0 |  3600 |    0 |  1400 |    0 |   100 |   19 |    50 |    0 |   100 |
| X1Y3              |    2 |    12 |    0 |     4 |    0 |     2 |    0 |     4 |    0 |     1 |    0 |     1 |    0 |     0 |    0 |     0 |    0 |    50 |    0 |    50 |    0 |  4000 |    0 |  1400 |    1 |    80 |    6 |    40 |    0 |    80 |
| X0Y4              |    0 |    12 |    0 |     4 |    0 |     2 |    0 |     4 |    0 |     1 |    0 |     1 |    0 |     4 |    0 |     1 |    0 |    50 |    0 |    50 |    0 |  2550 |    0 |   750 |    0 |    50 |    0 |    25 |    0 |    60 |
| X1Y4              |    0 |    12 |    0 |     4 |    0 |     2 |    0 |     4 |    0 |     1 |    0 |     1 |    0 |     4 |    0 |     0 |    0 |    50 |    0 |    50 |    0 |  2500 |    0 |   800 |    0 |    40 |    0 |    20 |    0 |    40 |
+-------------------+------+-------+------+-------+------+-------+------+-------+------+-------+------+-------+------+-------+------+-------+------+-------+------+-------+------+-------+------+-------+------+-------+------+-------+------+-------+
* Global Clock column represents track count; while other columns represents cell counts


5. Clock Regions : Global Clock Summary
---------------------------------------

All Modules
+----+----+----+
|    | X0 | X1 |
+----+----+----+
| Y4 |  0 |  0 |
| Y3 |  2 |  2 |
| Y2 |  2 |  4 |
| Y1 |  2 |  2 |
| Y0 |  0 |  2 |
+----+----+----+


6. Device Cell Placement Summary for Global Clock g0
----------------------------------------------------

+-----------+-----------------+-------------------+----------------------------+-------------+---------------+-------------+----------+----------------+----------+----------------------------------------------------+
| Global Id | Driver Type/Pin | Driver Region (D) | Clock                      | Period (ns) | Waveform (ns) | Slice Loads | IO Loads | Clocking Loads | GT Loads | Net                                                |
+-----------+-----------------+-------------------+----------------------------+-------------+---------------+-------------+----------+----------------+----------+----------------------------------------------------+
| g0        | BUFG/O          | n/a               | ClkMandelxC_clk_mandelbrot |      10.000 | {0.000 5.000} |         557 |        0 |              0 |        0 | clk_mandelbrotxB.clk_mandelbrotxI/inst/ClkMandelxC |
+-----------+-----------------+-------------------+----------------------------+-------------+---------------+-------------+----------+----------------+----------+----------------------------------------------------+
* Logic Loads column represents load cell count of all cell types other than IO, GT and clock resources
** IO Loads column represents load cell count of IO types
*** Clocking Loads column represents load cell count that are clock resources (global clock buffer, MMCM, PLL, etc)
**** GT Loads column represents load cell count of GT types


+----+-----+------+
|    | X0  | X1   |
+----+-----+------+
| Y4 |   0 |    0 |
| Y3 |  19 |    9 |
| Y2 |  45 |  452 |
| Y1 |  22 |   10 |
| Y0 |   0 |    0 |
+----+-----+------+


7. Device Cell Placement Summary for Global Clock g1
----------------------------------------------------

+-----------+-----------------+-------------------+--------------------------------+-------------+---------------+-------------+----------+----------------+----------+----------------------------------------------------------------+
| Global Id | Driver Type/Pin | Driver Region (D) | Clock                          | Period (ns) | Waveform (ns) | Slice Loads | IO Loads | Clocking Loads | GT Loads | Net                                                            |
+-----------+-----------------+-------------------+--------------------------------+-------------+---------------+-------------+----------+----------------+----------+----------------------------------------------------------------+
| g1        | BUFG/O          | n/a               | ClkVgaxC_clk_vga_hdmi_1024x600 |      19.512 | {0.000 9.756} |         226 |        8 |              0 |        0 | HdmixI/ClkVgaHdmi1024x600xG.ClkVgaHdmi1024x600xI/inst/ClkVgaxC |
+-----------+-----------------+-------------------+--------------------------------+-------------+---------------+-------------+----------+----------------+----------+----------------------------------------------------------------+
* Logic Loads column represents load cell count of all cell types other than IO, GT and clock resources
** IO Loads column represents load cell count of IO types
*** Clocking Loads column represents load cell count that are clock resources (global clock buffer, MMCM, PLL, etc)
**** GT Loads column represents load cell count of GT types


+----+-----+------+
|    | X0  | X1   |
+----+-----+------+
| Y4 |   0 |    0 |
| Y3 |  19 |    9 |
| Y2 |  49 |  125 |
| Y1 |  22 |   10 |
| Y0 |   0 |    0 |
+----+-----+------+


8. Device Cell Placement Summary for Global Clock g2
----------------------------------------------------

+-----------+-----------------+-------------------+---------------------------------+-------------+---------------+-------------+----------+----------------+----------+-----------------------------------------------------------------+
| Global Id | Driver Type/Pin | Driver Region (D) | Clock                           | Period (ns) | Waveform (ns) | Slice Loads | IO Loads | Clocking Loads | GT Loads | Net                                                             |
+-----------+-----------------+-------------------+---------------------------------+-------------+---------------+-------------+----------+----------------+----------+-----------------------------------------------------------------+
| g2        | BUFG/O          | n/a               | ClkHdmixC_clk_vga_hdmi_1024x600 |       3.902 | {0.000 1.951} |           0 |        8 |              0 |        0 | HdmixI/ClkVgaHdmi1024x600xG.ClkVgaHdmi1024x600xI/inst/ClkHdmixC |
+-----------+-----------------+-------------------+---------------------------------+-------------+---------------+-------------+----------+----------------+----------+-----------------------------------------------------------------+
* Logic Loads column represents load cell count of all cell types other than IO, GT and clock resources
** IO Loads column represents load cell count of IO types
*** Clocking Loads column represents load cell count that are clock resources (global clock buffer, MMCM, PLL, etc)
**** GT Loads column represents load cell count of GT types


+----+----+----+
|    | X0 | X1 |
+----+----+----+
| Y4 |  0 |  0 |
| Y3 |  0 |  0 |
| Y2 |  0 |  8 |
| Y1 |  0 |  0 |
| Y0 |  0 |  0 |
+----+----+----+


9. Device Cell Placement Summary for Global Clock g3
----------------------------------------------------

+-----------+-----------------+-------------------+-------------+-------------+---------------+-------------+----------+----------------+----------+---------------------------+
| Global Id | Driver Type/Pin | Driver Region (D) | Clock       | Period (ns) | Waveform (ns) | Slice Loads | IO Loads | Clocking Loads | GT Loads | Net                       |
+-----------+-----------------+-------------------+-------------+-------------+---------------+-------------+----------+----------------+----------+---------------------------+
| g3        | BUFG/O          | n/a               | sys_clk_pin |      10.000 | {0.000 5.000} |           0 |        0 |              1 |        0 | HdmixI/ClkSys100MhzBufgxC |
+-----------+-----------------+-------------------+-------------+-------------+---------------+-------------+----------+----------------+----------+---------------------------+
* Logic Loads column represents load cell count of all cell types other than IO, GT and clock resources
** IO Loads column represents load cell count of IO types
*** Clocking Loads column represents load cell count that are clock resources (global clock buffer, MMCM, PLL, etc)
**** GT Loads column represents load cell count of GT types


+----+----+----+
|    | X0 | X1 |
+----+----+----+
| Y4 |  0 |  0 |
| Y3 |  0 |  0 |
| Y2 |  0 |  0 |
| Y1 |  0 |  0 |
| Y0 |  0 |  1 |
+----+----+----+


10. Device Cell Placement Summary for Global Clock g4
-----------------------------------------------------

+-----------+-----------------+-------------------+--------------------------------+-------------+---------------+-------------+----------+----------------+----------+------------------------------------------------------------------------------------------+
| Global Id | Driver Type/Pin | Driver Region (D) | Clock                          | Period (ns) | Waveform (ns) | Slice Loads | IO Loads | Clocking Loads | GT Loads | Net                                                                                      |
+-----------+-----------------+-------------------+--------------------------------+-------------+---------------+-------------+----------+----------------+----------+------------------------------------------------------------------------------------------+
| g4        | BUFG/O          | n/a               | clkfbout_clk_vga_hdmi_1024x600 |      10.000 | {0.000 5.000} |           0 |        0 |              1 |        0 | HdmixI/ClkVgaHdmi1024x600xG.ClkVgaHdmi1024x600xI/inst/clkfbout_buf_clk_vga_hdmi_1024x600 |
+-----------+-----------------+-------------------+--------------------------------+-------------+---------------+-------------+----------+----------------+----------+------------------------------------------------------------------------------------------+
* Logic Loads column represents load cell count of all cell types other than IO, GT and clock resources
** IO Loads column represents load cell count of IO types
*** Clocking Loads column represents load cell count that are clock resources (global clock buffer, MMCM, PLL, etc)
**** GT Loads column represents load cell count of GT types


+----+----+----+
|    | X0 | X1 |
+----+----+----+
| Y4 |  0 |  0 |
| Y3 |  0 |  0 |
| Y2 |  0 |  0 |
| Y1 |  0 |  0 |
| Y0 |  0 |  1 |
+----+----+----+


11. Device Cell Placement Summary for Global Clock g5
-----------------------------------------------------

+-----------+-----------------+-------------------+-------------------------+-------------+---------------+-------------+----------+----------------+----------+--------------------------------------------------------------------+
| Global Id | Driver Type/Pin | Driver Region (D) | Clock                   | Period (ns) | Waveform (ns) | Slice Loads | IO Loads | Clocking Loads | GT Loads | Net                                                                |
+-----------+-----------------+-------------------+-------------------------+-------------+---------------+-------------+----------+----------------+----------+--------------------------------------------------------------------+
| g5        | BUFG/O          | n/a               | clkfbout_clk_mandelbrot |      10.000 | {0.000 5.000} |           0 |        0 |              1 |        0 | clk_mandelbrotxB.clk_mandelbrotxI/inst/clkfbout_buf_clk_mandelbrot |
+-----------+-----------------+-------------------+-------------------------+-------------+---------------+-------------+----------+----------------+----------+--------------------------------------------------------------------+
* Logic Loads column represents load cell count of all cell types other than IO, GT and clock resources
** IO Loads column represents load cell count of IO types
*** Clocking Loads column represents load cell count that are clock resources (global clock buffer, MMCM, PLL, etc)
**** GT Loads column represents load cell count of GT types


+----+----+----+
|    | X0 | X1 |
+----+----+----+
| Y4 |  0 |  0 |
| Y3 |  0 |  0 |
| Y2 |  0 |  1 |
| Y1 |  0 |  0 |
| Y0 |  0 |  0 |
+----+----+----+


12. Clock Region Cell Placement per Global Clock: Region X1Y0
-------------------------------------------------------------

+-----------+-------+-----------------+------------+-------------+-----------------+----+--------+------+-----+----+------+-----+---------+------------------------------------------------------------------------------------------+
| Global Id | Track | Driver Type/Pin | Constraint | Clock Loads | Non-Clock Loads | FF | LUTRAM | RAMB | DSP | GT | MMCM | PLL | Hard IP | Net                                                                                      |
+-----------+-------+-----------------+------------+-------------+-----------------+----+--------+------+-----+----+------+-----+---------+------------------------------------------------------------------------------------------+
| g3        | n/a   | BUFG/O          | None       |           1 |               0 |  0 |      0 |    0 |   0 |  0 |    1 |   0 |       0 | HdmixI/ClkSys100MhzBufgxC                                                                |
| g4        | n/a   | BUFG/O          | None       |           1 |               0 |  0 |      0 |    0 |   0 |  0 |    1 |   0 |       0 | HdmixI/ClkVgaHdmi1024x600xG.ClkVgaHdmi1024x600xI/inst/clkfbout_buf_clk_vga_hdmi_1024x600 |
+-----------+-------+-----------------+------------+-------------+-----------------+----+--------+------+-----+----+------+-----+---------+------------------------------------------------------------------------------------------+
* Clock Loads column represents the clock pin loads (pin count)
** Non-Clock Loads column represents the non-clock pin loads (pin count)
*** Columns FF, LUTRAM, RAMB through 'Hard IP' represents load cell counts


13. Clock Region Cell Placement per Global Clock: Region X0Y1
-------------------------------------------------------------

+-----------+-------+-----------------+------------+-------------+-----------------+----+--------+------+-----+----+------+-----+---------+----------------------------------------------------------------+
| Global Id | Track | Driver Type/Pin | Constraint | Clock Loads | Non-Clock Loads | FF | LUTRAM | RAMB | DSP | GT | MMCM | PLL | Hard IP | Net                                                            |
+-----------+-------+-----------------+------------+-------------+-----------------+----+--------+------+-----+----+------+-----+---------+----------------------------------------------------------------+
| g0        | n/a   | BUFG/O          | None       |          22 |               0 |  0 |      0 |   22 |   0 |  0 |    0 |   0 |       0 | clk_mandelbrotxB.clk_mandelbrotxI/inst/ClkMandelxC             |
| g1        | n/a   | BUFG/O          | None       |          22 |               0 |  0 |      0 |   22 |   0 |  0 |    0 |   0 |       0 | HdmixI/ClkVgaHdmi1024x600xG.ClkVgaHdmi1024x600xI/inst/ClkVgaxC |
+-----------+-------+-----------------+------------+-------------+-----------------+----+--------+------+-----+----+------+-----+---------+----------------------------------------------------------------+
* Clock Loads column represents the clock pin loads (pin count)
** Non-Clock Loads column represents the non-clock pin loads (pin count)
*** Columns FF, LUTRAM, RAMB through 'Hard IP' represents load cell counts


14. Clock Region Cell Placement per Global Clock: Region X1Y1
-------------------------------------------------------------

+-----------+-------+-----------------+------------+-------------+-----------------+----+--------+------+-----+----+------+-----+---------+----------------------------------------------------------------+
| Global Id | Track | Driver Type/Pin | Constraint | Clock Loads | Non-Clock Loads | FF | LUTRAM | RAMB | DSP | GT | MMCM | PLL | Hard IP | Net                                                            |
+-----------+-------+-----------------+------------+-------------+-----------------+----+--------+------+-----+----+------+-----+---------+----------------------------------------------------------------+
| g0        | n/a   | BUFG/O          | None       |          10 |               0 |  0 |      0 |   10 |   0 |  0 |    0 |   0 |       0 | clk_mandelbrotxB.clk_mandelbrotxI/inst/ClkMandelxC             |
| g1        | n/a   | BUFG/O          | None       |          10 |               0 |  0 |      0 |   10 |   0 |  0 |    0 |   0 |       0 | HdmixI/ClkVgaHdmi1024x600xG.ClkVgaHdmi1024x600xI/inst/ClkVgaxC |
+-----------+-------+-----------------+------------+-------------+-----------------+----+--------+------+-----+----+------+-----+---------+----------------------------------------------------------------+
* Clock Loads column represents the clock pin loads (pin count)
** Non-Clock Loads column represents the non-clock pin loads (pin count)
*** Columns FF, LUTRAM, RAMB through 'Hard IP' represents load cell counts


15. Clock Region Cell Placement per Global Clock: Region X0Y2
-------------------------------------------------------------

+-----------+-------+-----------------+------------+-------------+-----------------+----+--------+------+-----+----+------+-----+---------+----------------------------------------------------------------+
| Global Id | Track | Driver Type/Pin | Constraint | Clock Loads | Non-Clock Loads | FF | LUTRAM | RAMB | DSP | GT | MMCM | PLL | Hard IP | Net                                                            |
+-----------+-------+-----------------+------------+-------------+-----------------+----+--------+------+-----+----+------+-----+---------+----------------------------------------------------------------+
| g0        | n/a   | BUFG/O          | None       |          45 |               0 |  0 |      0 |   45 |   0 |  0 |    0 |   0 |       0 | clk_mandelbrotxB.clk_mandelbrotxI/inst/ClkMandelxC             |
| g1        | n/a   | BUFG/O          | None       |          49 |               0 |  4 |      0 |   45 |   0 |  0 |    0 |   0 |       0 | HdmixI/ClkVgaHdmi1024x600xG.ClkVgaHdmi1024x600xI/inst/ClkVgaxC |
+-----------+-------+-----------------+------------+-------------+-----------------+----+--------+------+-----+----+------+-----+---------+----------------------------------------------------------------+
* Clock Loads column represents the clock pin loads (pin count)
** Non-Clock Loads column represents the non-clock pin loads (pin count)
*** Columns FF, LUTRAM, RAMB through 'Hard IP' represents load cell counts


16. Clock Region Cell Placement per Global Clock: Region X1Y2
-------------------------------------------------------------

+-----------+-------+-----------------+------------+-------------+-----------------+-----+--------+------+-----+----+------+-----+---------+--------------------------------------------------------------------+
| Global Id | Track | Driver Type/Pin | Constraint | Clock Loads | Non-Clock Loads | FF  | LUTRAM | RAMB | DSP | GT | MMCM | PLL | Hard IP | Net                                                                |
+-----------+-------+-----------------+------------+-------------+-----------------+-----+--------+------+-----+----+------+-----+---------+--------------------------------------------------------------------+
| g0        | n/a   | BUFG/O          | None       |         452 |               0 | 421 |      0 |   28 |   3 |  0 |    0 |   0 |       0 | clk_mandelbrotxB.clk_mandelbrotxI/inst/ClkMandelxC                 |
| g1        | n/a   | BUFG/O          | None       |         125 |               0 |  89 |      0 |   28 |   0 |  0 |    0 |   0 |       0 | HdmixI/ClkVgaHdmi1024x600xG.ClkVgaHdmi1024x600xI/inst/ClkVgaxC     |
| g2        | n/a   | BUFG/O          | None       |           8 |               0 |   0 |      0 |    0 |   0 |  0 |    0 |   0 |       0 | HdmixI/ClkVgaHdmi1024x600xG.ClkVgaHdmi1024x600xI/inst/ClkHdmixC    |
| g5        | n/a   | BUFG/O          | None       |           1 |               0 |   0 |      0 |    0 |   0 |  0 |    1 |   0 |       0 | clk_mandelbrotxB.clk_mandelbrotxI/inst/clkfbout_buf_clk_mandelbrot |
+-----------+-------+-----------------+------------+-------------+-----------------+-----+--------+------+-----+----+------+-----+---------+--------------------------------------------------------------------+
* Clock Loads column represents the clock pin loads (pin count)
** Non-Clock Loads column represents the non-clock pin loads (pin count)
*** Columns FF, LUTRAM, RAMB through 'Hard IP' represents load cell counts


17. Clock Region Cell Placement per Global Clock: Region X0Y3
-------------------------------------------------------------

+-----------+-------+-----------------+------------+-------------+-----------------+----+--------+------+-----+----+------+-----+---------+----------------------------------------------------------------+
| Global Id | Track | Driver Type/Pin | Constraint | Clock Loads | Non-Clock Loads | FF | LUTRAM | RAMB | DSP | GT | MMCM | PLL | Hard IP | Net                                                            |
+-----------+-------+-----------------+------------+-------------+-----------------+----+--------+------+-----+----+------+-----+---------+----------------------------------------------------------------+
| g0        | n/a   | BUFG/O          | None       |          19 |               0 |  0 |      0 |   19 |   0 |  0 |    0 |   0 |       0 | clk_mandelbrotxB.clk_mandelbrotxI/inst/ClkMandelxC             |
| g1        | n/a   | BUFG/O          | None       |          19 |               0 |  0 |      0 |   19 |   0 |  0 |    0 |   0 |       0 | HdmixI/ClkVgaHdmi1024x600xG.ClkVgaHdmi1024x600xI/inst/ClkVgaxC |
+-----------+-------+-----------------+------------+-------------+-----------------+----+--------+------+-----+----+------+-----+---------+----------------------------------------------------------------+
* Clock Loads column represents the clock pin loads (pin count)
** Non-Clock Loads column represents the non-clock pin loads (pin count)
*** Columns FF, LUTRAM, RAMB through 'Hard IP' represents load cell counts


18. Clock Region Cell Placement per Global Clock: Region X1Y3
-------------------------------------------------------------

+-----------+-------+-----------------+------------+-------------+-----------------+----+--------+------+-----+----+------+-----+---------+----------------------------------------------------------------+
| Global Id | Track | Driver Type/Pin | Constraint | Clock Loads | Non-Clock Loads | FF | LUTRAM | RAMB | DSP | GT | MMCM | PLL | Hard IP | Net                                                            |
+-----------+-------+-----------------+------------+-------------+-----------------+----+--------+------+-----+----+------+-----+---------+----------------------------------------------------------------+
| g0        | n/a   | BUFG/O          | None       |           9 |               0 |  0 |      0 |    7 |   0 |  0 |    0 |   0 |       0 | clk_mandelbrotxB.clk_mandelbrotxI/inst/ClkMandelxC             |
| g1        | n/a   | BUFG/O          | None       |           9 |               0 |  0 |      0 |    7 |   0 |  0 |    0 |   0 |       0 | HdmixI/ClkVgaHdmi1024x600xG.ClkVgaHdmi1024x600xI/inst/ClkVgaxC |
+-----------+-------+-----------------+------------+-------------+-----------------+----+--------+------+-----+----+------+-----+---------+----------------------------------------------------------------+
* Clock Loads column represents the clock pin loads (pin count)
** Non-Clock Loads column represents the non-clock pin loads (pin count)
*** Columns FF, LUTRAM, RAMB through 'Hard IP' represents load cell counts



# Location of BUFG Primitives 
set_property LOC BUFGCTRL_X0Y5 [get_cells clk_mandelbrotxB.clk_mandelbrotxI/inst/clkf_buf]
set_property LOC BUFGCTRL_X0Y2 [get_cells clk_mandelbrotxB.clk_mandelbrotxI/inst/clkout1_buf]
set_property LOC BUFGCTRL_X0Y4 [get_cells HdmixI/ClkVgaHdmi1024x600xG.ClkVgaHdmi1024x600xI/inst/clkf_buf]
set_property LOC BUFGCTRL_X0Y0 [get_cells HdmixI/ClkVgaHdmi1024x600xG.ClkVgaHdmi1024x600xI/inst/clkout1_buf]
set_property LOC BUFGCTRL_X0Y1 [get_cells HdmixI/ClkVgaHdmi1024x600xG.ClkVgaHdmi1024x600xI/inst/clkout2_buf]
set_property LOC BUFGCTRL_X0Y3 [get_cells HdmixI/ClkVgaHdmi1024x600xG.BUFGClkSysToClkVgaHdmixI]

# Location of IO Primitives which is load of clock spine

# Location of clock ports
set_property LOC IOB_X1Y124 [get_ports ClkSys100MhzxC]

# Clock net "clk_mandelbrotxB.clk_mandelbrotxI/inst/ClkMandelxC" driven by instance "clk_mandelbrotxB.clk_mandelbrotxI/inst/clkout1_buf" located at site "BUFGCTRL_X0Y2"
#startgroup
create_pblock {CLKAG_clk_mandelbrotxB.clk_mandelbrotxI/inst/ClkMandelxC}
add_cells_to_pblock [get_pblocks  {CLKAG_clk_mandelbrotxB.clk_mandelbrotxI/inst/ClkMandelxC}] [get_cells -filter { PRIMITIVE_GROUP != I/O && IS_PRIMITIVE==1 && PRIMITIVE_LEVEL !=INTERNAL } -of_object [get_pins -filter {DIRECTION==IN} -of_objects [get_nets -hierarchical -filter {PARENT=="clk_mandelbrotxB.clk_mandelbrotxI/inst/ClkMandelxC"}]]]
resize_pblock [get_pblocks {CLKAG_clk_mandelbrotxB.clk_mandelbrotxI/inst/ClkMandelxC}] -add {CLOCKREGION_X0Y1:CLOCKREGION_X0Y1 CLOCKREGION_X0Y2:CLOCKREGION_X0Y2 CLOCKREGION_X0Y3:CLOCKREGION_X0Y3 CLOCKREGION_X1Y1:CLOCKREGION_X1Y1 CLOCKREGION_X1Y2:CLOCKREGION_X1Y2 CLOCKREGION_X1Y3:CLOCKREGION_X1Y3}
#endgroup

# Clock net "HdmixI/ClkVgaHdmi1024x600xG.ClkVgaHdmi1024x600xI/inst/ClkVgaxC" driven by instance "HdmixI/ClkVgaHdmi1024x600xG.ClkVgaHdmi1024x600xI/inst/clkout1_buf" located at site "BUFGCTRL_X0Y0"
#startgroup
create_pblock {CLKAG_HdmixI/ClkVgaHdmi1024x600xG.ClkVgaHdmi1024x600xI/inst/ClkVgaxC}
add_cells_to_pblock [get_pblocks  {CLKAG_HdmixI/ClkVgaHdmi1024x600xG.ClkVgaHdmi1024x600xI/inst/ClkVgaxC}] [get_cells -filter { PRIMITIVE_GROUP != I/O && IS_PRIMITIVE==1 && PRIMITIVE_LEVEL !=INTERNAL } -of_object [get_pins -filter {DIRECTION==IN} -of_objects [get_nets -hierarchical -filter {PARENT=="HdmixI/ClkVgaHdmi1024x600xG.ClkVgaHdmi1024x600xI/inst/ClkVgaxC"}]]]
resize_pblock [get_pblocks {CLKAG_HdmixI/ClkVgaHdmi1024x600xG.ClkVgaHdmi1024x600xI/inst/ClkVgaxC}] -add {CLOCKREGION_X0Y1:CLOCKREGION_X0Y1 CLOCKREGION_X0Y2:CLOCKREGION_X0Y2 CLOCKREGION_X0Y3:CLOCKREGION_X0Y3 CLOCKREGION_X1Y1:CLOCKREGION_X1Y1 CLOCKREGION_X1Y2:CLOCKREGION_X1Y2 CLOCKREGION_X1Y3:CLOCKREGION_X1Y3}
#endgroup

# Clock net "HdmixI/ClkVgaHdmi1024x600xG.ClkVgaHdmi1024x600xI/inst/ClkHdmixC" driven by instance "HdmixI/ClkVgaHdmi1024x600xG.ClkVgaHdmi1024x600xI/inst/clkout2_buf" located at site "BUFGCTRL_X0Y1"
#startgroup
create_pblock {CLKAG_HdmixI/ClkVgaHdmi1024x600xG.ClkVgaHdmi1024x600xI/inst/ClkHdmixC}
add_cells_to_pblock [get_pblocks  {CLKAG_HdmixI/ClkVgaHdmi1024x600xG.ClkVgaHdmi1024x600xI/inst/ClkHdmixC}] [get_cells -filter { PRIMITIVE_GROUP != I/O && IS_PRIMITIVE==1 && PRIMITIVE_LEVEL !=INTERNAL } -of_object [get_pins -filter {DIRECTION==IN} -of_objects [get_nets -hierarchical -filter {PARENT=="HdmixI/ClkVgaHdmi1024x600xG.ClkVgaHdmi1024x600xI/inst/ClkHdmixC"}]]]
resize_pblock [get_pblocks {CLKAG_HdmixI/ClkVgaHdmi1024x600xG.ClkVgaHdmi1024x600xI/inst/ClkHdmixC}] -add {CLOCKREGION_X1Y2:CLOCKREGION_X1Y2}
#endgroup
